<?xml version="1.0" encoding="UTF-8"?>
<coverage generated="1672895758648" clover="3.2.0">
  <project timestamp="1672895758648" name="All files">
    <metrics statements="46" coveredstatements="44" conditionals="12" coveredconditionals="11" methods="13" coveredmethods="11" elements="71" coveredelements="66" complexity="0" loc="46" ncloc="46" packages="4" files="6" classes="6"/>
    <package name="components.BottomTaps">
      <metrics statements="15" coveredstatements="15" conditionals="6" coveredconditionals="6" methods="2" coveredmethods="2"/>
      <file name="index.tsx" path="/Users/daeeun/Desktop/Ledger/components/BottomTaps/index.tsx">
        <metrics statements="10" coveredstatements="10" conditionals="0" coveredconditionals="0" methods="2" coveredmethods="2"/>
        <line num="1" count="1" type="stmt"/>
        <line num="2" count="1" type="stmt"/>
        <line num="3" count="1" type="stmt"/>
        <line num="4" count="1" type="stmt"/>
        <line num="5" count="1" type="stmt"/>
        <line num="7" count="1" type="stmt"/>
        <line num="25" count="1" type="stmt"/>
        <line num="26" count="1" type="stmt"/>
        <line num="29" count="3" type="stmt"/>
        <line num="39" count="1" type="stmt"/>
      </file>
      <file name="styles.tsx" path="/Users/daeeun/Desktop/Ledger/components/BottomTaps/styles.tsx">
        <metrics statements="5" coveredstatements="5" conditionals="6" coveredconditionals="6" methods="0" coveredmethods="0"/>
        <line num="1" count="1" type="stmt"/>
        <line num="2" count="1" type="stmt"/>
        <line num="4" count="1" type="cond" truecount="2" falsecount="0"/>
        <line num="15" count="1" type="cond" truecount="2" falsecount="0"/>
        <line num="20" count="1" type="cond" truecount="2" falsecount="0"/>
      </file>
    </package>
    <package name="components.Header">
      <metrics statements="19" coveredstatements="18" conditionals="5" coveredconditionals="4" methods="3" coveredmethods="3"/>
      <file name="index.tsx" path="/Users/daeeun/Desktop/Ledger/components/Header/index.tsx">
        <metrics statements="16" coveredstatements="15" conditionals="1" coveredconditionals="0" methods="3" coveredmethods="3"/>
        <line num="1" count="1" type="stmt"/>
        <line num="2" count="1" type="stmt"/>
        <line num="3" count="1" type="stmt"/>
        <line num="4" count="1" type="stmt"/>
        <line num="5" count="1" type="stmt"/>
        <line num="7" count="1" type="stmt"/>
        <line num="8" count="5" type="stmt"/>
        <line num="9" count="5" type="stmt"/>
        <line num="11" count="5" type="stmt"/>
        <line num="12" count="1" type="stmt"/>
        <line num="15" count="5" type="stmt"/>
        <line num="16" count="1" type="stmt"/>
        <line num="19" count="5" type="cond" truecount="0" falsecount="1"/>
        <line num="20" count="0" type="stmt"/>
        <line num="23" count="5" type="stmt"/>
        <line num="38" count="1" type="stmt"/>
      </file>
      <file name="styles.tsx" path="/Users/daeeun/Desktop/Ledger/components/Header/styles.tsx">
        <metrics statements="3" coveredstatements="3" conditionals="4" coveredconditionals="4" methods="0" coveredmethods="0"/>
        <line num="1" count="1" type="stmt"/>
        <line num="3" count="1" type="cond" truecount="2" falsecount="0"/>
        <line num="14" count="1" type="cond" truecount="2" falsecount="0"/>
      </file>
    </package>
    <package name="store">
      <metrics statements="7" coveredstatements="6" conditionals="0" coveredconditionals="0" methods="7" coveredmethods="5"/>
      <file name="useDateStore.ts" path="/Users/daeeun/Desktop/Ledger/store/useDateStore.ts">
        <metrics statements="7" coveredstatements="6" conditionals="0" coveredconditionals="0" methods="7" coveredmethods="5"/>
        <line num="1" count="1" type="stmt"/>
        <line num="2" count="1" type="stmt"/>
        <line num="12" count="1" type="stmt"/>
        <line num="17" count="1" type="stmt"/>
        <line num="21" count="1" type="stmt"/>
        <line num="25" count="0" type="stmt"/>
        <line num="31" count="1" type="stmt"/>
      </file>
    </package>
    <package name="tests">
      <metrics statements="5" coveredstatements="5" conditionals="1" coveredconditionals="1" methods="1" coveredmethods="1"/>
      <file name="utils.tsx" path="/Users/daeeun/Desktop/Ledger/tests/utils.tsx">
        <metrics statements="5" coveredstatements="5" conditionals="1" coveredconditionals="1" methods="1" coveredmethods="1"/>
        <line num="1" count="2" type="stmt"/>
        <line num="2" count="2" type="stmt"/>
        <line num="4" count="2" type="stmt"/>
        <line num="6" count="10" type="cond" truecount="1" falsecount="0"/>
        <line num="8" count="5" type="stmt"/>
      </file>
    </package>
  </project>
</coverage>
