{"/Users/daeeun/Desktop/Ledger/components/BottomTaps/BottomTaps.tsx": {"path":"/Users/daeeun/Desktop/Ledger/components/BottomTaps/BottomTaps.tsx","statementMap":{"0":{"start":{"line":1,"column":0},"end":{"line":1,"column":26}},"1":{"start":{"line":2,"column":0},"end":{"line":2,"column":65}},"2":{"start":{"line":3,"column":0},"end":{"line":3,"column":47}},"3":{"start":{"line":4,"column":0},"end":{"line":4,"column":53}},"4":{"start":{"line":5,"column":0},"end":{"line":5,"column":55}},"5":{"start":{"line":7,"column":13},"end":{"line":23,"column":2}},"6":{"start":{"line":25,"column":19},"end":{"line":37,"column":1}},"7":{"start":{"line":26,"column":2},"end":{"line":36,"column":4}},"8":{"start":{"line":29,"column":39},"end":{"line":33,"column":10}},"9":{"start":{"line":39,"column":0},"end":{"line":39,"column":26}}},"fnMap":{"0":{"name":"(anonymous_1)","decl":{"start":{"line":25,"column":19},"end":{"line":25,"column":null}},"loc":{"start":{"line":25,"column":19},"end":{"line":37,"column":1}}},"1":{"name":"(anonymous_2)","decl":{"start":{"line":29,"column":29},"end":{"line":29,"column":30}},"loc":{"start":{"line":29,"column":34},"end":{"line":29,"column":null}}}},"branchMap":{},"s":{"0":1,"1":1,"2":1,"3":1,"4":1,"5":1,"6":1,"7":1,"8":3,"9":1},"f":{"0":1,"1":3},"b":{}}
,"/Users/daeeun/Desktop/Ledger/components/BottomTaps/styles.tsx": {"path":"/Users/daeeun/Desktop/Ledger/components/BottomTaps/styles.tsx","statementMap":{"0":{"start":{"line":1,"column":0},"end":{"line":1,"column":37}},"1":{"start":{"line":2,"column":0},"end":{"line":2,"column":40}},"2":{"start":{"line":4,"column":13},"end":{"line":13,"column":2}},"3":{"start":{"line":15,"column":13},"end":{"line":18,"column":2}},"4":{"start":{"line":20,"column":13},"end":{"line":24,"column":2}}},"fnMap":{},"branchMap":{"0":{"loc":{"start":{"line":4,"column":39},"end":{"line":13,"column":2}},"type":"binary-expr","locations":[{"start":{"line":4,"column":39},"end":{"line":4,"column":null}},{"start":{"line":4,"column":39},"end":{"line":13,"column":2}}]},"1":{"loc":{"start":{"line":15,"column":37},"end":{"line":18,"column":2}},"type":"binary-expr","locations":[{"start":{"line":15,"column":37},"end":{"line":15,"column":null}},{"start":{"line":15,"column":37},"end":{"line":18,"column":2}}]},"2":{"loc":{"start":{"line":20,"column":37},"end":{"line":24,"column":2}},"type":"binary-expr","locations":[{"start":{"line":20,"column":37},"end":{"line":20,"column":null}},{"start":{"line":20,"column":37},"end":{"line":24,"column":2}}]}},"s":{"0":1,"1":1,"2":1,"3":1,"4":1},"f":{},"b":{"0":[1,1],"1":[1,1],"2":[1,1]}}
,"/Users/daeeun/Desktop/Ledger/components/DateCell/DateCell.tsx": {"path":"/Users/daeeun/Desktop/Ledger/components/DateCell/DateCell.tsx","statementMap":{"0":{"start":{"line":1,"column":0},"end":{"line":1,"column":37}},"1":{"start":{"line":2,"column":0},"end":{"line":2,"column":43}},"2":{"start":{"line":3,"column":0},"end":{"line":3,"column":52}},"3":{"start":{"line":5,"column":0},"end":{"line":5,"column":70}},"4":{"start":{"line":14,"column":17},"end":{"line":54,"column":1}},"5":{"start":{"line":14,"column":24},"end":{"line":14,"column":26}},"6":{"start":{"line":14,"column":33},"end":{"line":14,"column":35}},"7":{"start":{"line":14,"column":45},"end":{"line":14,"column":47}},"8":{"start":{"line":14,"column":51},"end":{"line":14,"column":60}},"9":{"start":{"line":15,"column":23},"end":{"line":15,"column":38}},"10":{"start":{"line":16,"column":16},"end":{"line":16,"column":23}},"11":{"start":{"line":17,"column":25},"end":{"line":17,"column":58}},"12":{"start":{"line":18,"column":19},"end":{"line":18,"column":35}},"13":{"start":{"line":19,"column":18},"end":{"line":19,"column":70}},"14":{"start":{"line":21,"column":25},"end":{"line":23,"column":3}},"15":{"start":{"line":22,"column":4},"end":{"line":22,"column":67}},"16":{"start":{"line":25,"column":26},"end":{"line":27,"column":8}},"17":{"start":{"line":26,"column":4},"end":{"line":26,"column":68}},"18":{"start":{"line":26,"column":30},"end":{"line":26,"column":67}},"19":{"start":{"line":29,"column":15},"end":{"line":29,"column":36}},"20":{"start":{"line":31,"column":2},"end":{"line":53,"column":4}},"21":{"start":{"line":36,"column":23},"end":{"line":36,"column":null}},"22":{"start":{"line":45,"column":34},"end":{"line":47,"column":16}},"23":{"start":{"line":56,"column":0},"end":{"line":56,"column":24}}},"fnMap":{"0":{"name":"(anonymous_7)","decl":{"start":{"line":14,"column":17},"end":{"line":14,"column":18}},"loc":{"start":{"line":14,"column":60},"end":{"line":54,"column":1}}},"1":{"name":"(anonymous_8)","decl":{"start":{"line":21,"column":25},"end":{"line":21,"column":null}},"loc":{"start":{"line":21,"column":25},"end":{"line":23,"column":3}}},"2":{"name":"(anonymous_9)","decl":{"start":{"line":25,"column":38},"end":{"line":25,"column":39}},"loc":{"start":{"line":25,"column":61},"end":{"line":27,"column":3}}},"3":{"name":"(anonymous_10)","decl":{"start":{"line":26,"column":23},"end":{"line":26,"column":24}},"loc":{"start":{"line":26,"column":25},"end":{"line":26,"column":31}}},"4":{"name":"(anonymous_11)","decl":{"start":{"line":36,"column":17},"end":{"line":36,"column":23}},"loc":{"start":{"line":36,"column":17},"end":{"line":36,"column":30}}},"5":{"name":"(anonymous_12)","decl":{"start":{"line":45,"column":24},"end":{"line":45,"column":25}},"loc":{"start":{"line":45,"column":29},"end":{"line":45,"column":null}}}},"branchMap":{"0":{"loc":{"start":{"line":26,"column":11},"end":{"line":26,"column":67}},"type":"cond-expr","locations":[{"start":{"line":26,"column":14},"end":{"line":26,"column":16}},{"start":{"line":26,"column":11},"end":{"line":26,"column":67}}]},"1":{"loc":{"start":{"line":26,"column":11},"end":{"line":26,"column":16}},"type":"binary-expr","locations":[{"start":{"line":26,"column":11},"end":{"line":26,"column":16}},{"start":{"line":26,"column":11},"end":{"line":26,"column":16}}]},"2":{"loc":{"start":{"line":36,"column":23},"end":{"line":36,"column":38}},"type":"cond-expr","locations":[{"start":{"line":36,"column":30},"end":{"line":36,"column":33}},{"start":{"line":36,"column":23},"end":{"line":36,"column":38}}]},"3":{"loc":{"start":{"line":36,"column":23},"end":{"line":36,"column":33}},"type":"binary-expr","locations":[{"start":{"line":36,"column":23},"end":{"line":36,"column":33}},{"start":{"line":36,"column":23},"end":{"line":36,"column":33}}]},"4":{"loc":{"start":{"line":39,"column":9},"end":{"line":39,"column":31}},"type":"binary-expr","locations":[{"start":{"line":39,"column":9},"end":{"line":39,"column":16}},{"start":{"line":39,"column":20},"end":{"line":39,"column":31}}]},"5":{"loc":{"start":{"line":40,"column":9},"end":{"line":40,"column":37}},"type":"binary-expr","locations":[{"start":{"line":40,"column":9},"end":{"line":40,"column":19}},{"start":{"line":40,"column":23},"end":{"line":40,"column":37}}]},"6":{"loc":{"start":{"line":43,"column":11},"end":{"line":48,"column":null}},"type":"binary-expr","locations":[{"start":{"line":43,"column":11},"end":{"line":43,"column":15}},{"start":{"line":44,"column":12},"end":{"line":47,"column":null}}]}},"s":{"0":1,"1":1,"2":1,"3":1,"4":1,"5":2,"6":2,"7":2,"8":2,"9":2,"10":2,"11":2,"12":2,"13":2,"14":2,"15":0,"16":2,"17":2,"18":14,"19":2,"20":2,"21":1,"22":0,"23":1},"f":{"0":2,"1":0,"2":2,"3":14,"4":1,"5":0},"b":{"0":[0,2],"1":[2,2],"2":[0,1],"3":[1,1],"4":[2,0],"5":[2,0],"6":[2,2]}}
,"/Users/daeeun/Desktop/Ledger/components/DateCell/styles.ts": {"path":"/Users/daeeun/Desktop/Ledger/components/DateCell/styles.ts","statementMap":{"0":{"start":{"line":1,"column":0},"end":{"line":1,"column":37}},"1":{"start":{"line":8,"column":13},"end":{"line":15,"column":null}},"2":{"start":{"line":14,"column":22},"end":{"line":14,"column":null}},"3":{"start":{"line":15,"column":24},"end":{"line":15,"column":null}},"4":{"start":{"line":19,"column":13},"end":{"line":28,"column":2}},"5":{"start":{"line":30,"column":13},"end":{"line":39,"column":2}},"6":{"start":{"line":41,"column":13},"end":{"line":47,"column":2}},"7":{"start":{"line":49,"column":13},"end":{"line":54,"column":null}},"8":{"start":{"line":54,"column":33},"end":{"line":54,"column":null}}},"fnMap":{"0":{"name":"(anonymous_2)","decl":{"start":{"line":14,"column":11},"end":{"line":14,"column":12}},"loc":{"start":{"line":14,"column":17},"end":{"line":14,"column":23}}},"1":{"name":"(anonymous_3)","decl":{"start":{"line":15,"column":13},"end":{"line":15,"column":14}},"loc":{"start":{"line":15,"column":19},"end":{"line":15,"column":25}}},"2":{"name":"(anonymous_4)","decl":{"start":{"line":54,"column":22},"end":{"line":54,"column":23}},"loc":{"start":{"line":54,"column":28},"end":{"line":54,"column":34}}}},"branchMap":{"0":{"loc":{"start":{"line":8,"column":33},"end":{"line":17,"column":2}},"type":"binary-expr","locations":[{"start":{"line":8,"column":33},"end":{"line":8,"column":40}},{"start":{"line":8,"column":33},"end":{"line":17,"column":2}}]},"1":{"loc":{"start":{"line":14,"column":23},"end":{"line":14,"column":52}},"type":"cond-expr","locations":[{"start":{"line":14,"column":40},"end":{"line":14,"column":45}},{"start":{"line":14,"column":48},"end":{"line":14,"column":52}}]},"2":{"loc":{"start":{"line":15,"column":25},"end":{"line":15,"column":55}},"type":"cond-expr","locations":[{"start":{"line":15,"column":48},"end":{"line":15,"column":49}},{"start":{"line":15,"column":52},"end":{"line":15,"column":55}}]},"3":{"loc":{"start":{"line":19,"column":33},"end":{"line":28,"column":2}},"type":"binary-expr","locations":[{"start":{"line":19,"column":33},"end":{"line":19,"column":null}},{"start":{"line":19,"column":33},"end":{"line":28,"column":2}}]},"4":{"loc":{"start":{"line":30,"column":36},"end":{"line":39,"column":2}},"type":"binary-expr","locations":[{"start":{"line":30,"column":36},"end":{"line":30,"column":null}},{"start":{"line":30,"column":36},"end":{"line":39,"column":2}}]},"5":{"loc":{"start":{"line":41,"column":33},"end":{"line":47,"column":2}},"type":"binary-expr","locations":[{"start":{"line":41,"column":33},"end":{"line":41,"column":null}},{"start":{"line":41,"column":33},"end":{"line":47,"column":2}}]},"6":{"loc":{"start":{"line":49,"column":29},"end":{"line":55,"column":2}},"type":"binary-expr","locations":[{"start":{"line":49,"column":29},"end":{"line":49,"column":48}},{"start":{"line":49,"column":29},"end":{"line":55,"column":2}}]},"7":{"loc":{"start":{"line":54,"column":34},"end":{"line":54,"column":71}},"type":"cond-expr","locations":[{"start":{"line":54,"column":48},"end":{"line":54,"column":64}},{"start":{"line":54,"column":67},"end":{"line":54,"column":71}}]}},"s":{"0":1,"1":1,"2":2,"3":2,"4":1,"5":1,"6":1,"7":1,"8":0},"f":{"0":2,"1":2,"2":0},"b":{"0":[1,1],"1":[2,0],"2":[2,0],"3":[1,1],"4":[1,1],"5":[1,1],"6":[1,1],"7":[0,0]}}
,"/Users/daeeun/Desktop/Ledger/components/Header/Header.tsx": {"path":"/Users/daeeun/Desktop/Ledger/components/Header/Header.tsx","statementMap":{"0":{"start":{"line":1,"column":0},"end":{"line":1,"column":26}},"1":{"start":{"line":2,"column":0},"end":{"line":2,"column":36}},"2":{"start":{"line":3,"column":0},"end":{"line":3,"column":47}},"3":{"start":{"line":4,"column":0},"end":{"line":4,"column":52}},"4":{"start":{"line":5,"column":0},"end":{"line":5,"column":45}},"5":{"start":{"line":7,"column":15},"end":{"line":36,"column":1}},"6":{"start":{"line":8,"column":43},"end":{"line":8,"column":57}},"7":{"start":{"line":8,"column":18},"end":{"line":8,"column":20}},"8":{"start":{"line":8,"column":28},"end":{"line":8,"column":30}},"9":{"start":{"line":8,"column":38},"end":{"line":8,"column":43}},"10":{"start":{"line":9,"column":23},"end":{"line":9,"column":37}},"11":{"start":{"line":11,"column":26},"end":{"line":13,"column":8}},"12":{"start":{"line":12,"column":4},"end":{"line":12,"column":15}},"13":{"start":{"line":15,"column":26},"end":{"line":17,"column":8}},"14":{"start":{"line":16,"column":4},"end":{"line":16,"column":15}},"15":{"start":{"line":19,"column":2},"end":{"line":21,"column":null}},"16":{"start":{"line":20,"column":4},"end":{"line":20,"column":16}},"17":{"start":{"line":23,"column":2},"end":{"line":35,"column":4}},"18":{"start":{"line":38,"column":0},"end":{"line":38,"column":22}}},"fnMap":{"0":{"name":"(anonymous_1)","decl":{"start":{"line":7,"column":15},"end":{"line":7,"column":null}},"loc":{"start":{"line":7,"column":15},"end":{"line":36,"column":1}}},"1":{"name":"(anonymous_2)","decl":{"start":{"line":11,"column":38},"end":{"line":11,"column":null}},"loc":{"start":{"line":11,"column":38},"end":{"line":13,"column":3}}},"2":{"name":"(anonymous_3)","decl":{"start":{"line":15,"column":38},"end":{"line":15,"column":null}},"loc":{"start":{"line":15,"column":38},"end":{"line":17,"column":3}}}},"branchMap":{"0":{"loc":{"start":{"line":19,"column":2},"end":{"line":21,"column":null}},"type":"if","locations":[{"start":{"line":19,"column":2},"end":{"line":21,"column":null}}]}},"s":{"0":1,"1":1,"2":1,"3":1,"4":1,"5":1,"6":5,"7":5,"8":5,"9":5,"10":5,"11":5,"12":1,"13":5,"14":1,"15":5,"16":0,"17":5,"18":1},"f":{"0":5,"1":1,"2":1},"b":{"0":[0]}}
,"/Users/daeeun/Desktop/Ledger/components/Header/styles.tsx": {"path":"/Users/daeeun/Desktop/Ledger/components/Header/styles.tsx","statementMap":{"0":{"start":{"line":1,"column":0},"end":{"line":1,"column":37}},"1":{"start":{"line":3,"column":13},"end":{"line":12,"column":2}},"2":{"start":{"line":14,"column":13},"end":{"line":17,"column":2}}},"fnMap":{},"branchMap":{"0":{"loc":{"start":{"line":3,"column":36},"end":{"line":12,"column":2}},"type":"binary-expr","locations":[{"start":{"line":3,"column":36},"end":{"line":3,"column":null}},{"start":{"line":3,"column":36},"end":{"line":12,"column":2}}]},"1":{"loc":{"start":{"line":14,"column":31},"end":{"line":17,"column":2}},"type":"binary-expr","locations":[{"start":{"line":14,"column":31},"end":{"line":14,"column":null}},{"start":{"line":14,"column":31},"end":{"line":17,"column":2}}]}},"s":{"0":1,"1":1,"2":1},"f":{},"b":{"0":[1,1],"1":[1,1]}}
,"/Users/daeeun/Desktop/Ledger/components/LedgerList/LedgerList.tsx": {"path":"/Users/daeeun/Desktop/Ledger/components/LedgerList/LedgerList.tsx","statementMap":{"0":{"start":{"line":1,"column":0},"end":{"line":1,"column":26}},"1":{"start":{"line":3,"column":0},"end":{"line":3,"column":54}},"2":{"start":{"line":4,"column":0},"end":{"line":4,"column":61}},"3":{"start":{"line":10,"column":19},"end":{"line":40,"column":1}},"4":{"start":{"line":10,"column":26},"end":{"line":10,"column":35}},"5":{"start":{"line":11,"column":21},"end":{"line":13,"column":7}},"6":{"start":{"line":12,"column":4},"end":{"line":12,"column":30}},"7":{"start":{"line":15,"column":2},"end":{"line":17,"column":null}},"8":{"start":{"line":16,"column":4},"end":{"line":16,"column":35}},"9":{"start":{"line":18,"column":2},"end":{"line":39,"column":4}},"10":{"start":{"line":25,"column":26},"end":{"line":31,"column":8}},"11":{"start":{"line":42,"column":0},"end":{"line":42,"column":26}}},"fnMap":{"0":{"name":"(anonymous_1)","decl":{"start":{"line":10,"column":19},"end":{"line":10,"column":20}},"loc":{"start":{"line":10,"column":35},"end":{"line":40,"column":1}}},"1":{"name":"(anonymous_2)","decl":{"start":{"line":11,"column":34},"end":{"line":11,"column":35}},"loc":{"start":{"line":11,"column":43},"end":{"line":13,"column":3}}},"2":{"name":"(anonymous_3)","decl":{"start":{"line":25,"column":16},"end":{"line":25,"column":17}},"loc":{"start":{"line":25,"column":21},"end":{"line":25,"column":null}}}},"branchMap":{"0":{"loc":{"start":{"line":11,"column":21},"end":{"line":13,"column":7}},"type":"cond-expr","locations":[{"start":{"line":11,"column":25},"end":{"line":11,"column":27}},{"start":{"line":11,"column":21},"end":{"line":13,"column":7}}]},"1":{"loc":{"start":{"line":11,"column":21},"end":{"line":11,"column":27}},"type":"binary-expr","locations":[{"start":{"line":11,"column":21},"end":{"line":11,"column":27}},{"start":{"line":11,"column":21},"end":{"line":11,"column":27}}]},"2":{"loc":{"start":{"line":15,"column":2},"end":{"line":17,"column":null}},"type":"if","locations":[{"start":{"line":15,"column":2},"end":{"line":17,"column":null}}]},"3":{"loc":{"start":{"line":15,"column":7},"end":{"line":15,"column":19}},"type":"cond-expr","locations":[{"start":{"line":15,"column":11},"end":{"line":15,"column":13}},{"start":{"line":15,"column":7},"end":{"line":15,"column":19}}]},"4":{"loc":{"start":{"line":15,"column":7},"end":{"line":15,"column":13}},"type":"binary-expr","locations":[{"start":{"line":15,"column":7},"end":{"line":15,"column":13}},{"start":{"line":15,"column":7},"end":{"line":15,"column":13}}]},"5":{"loc":{"start":{"line":32,"column":7},"end":{"line":36,"column":null}},"type":"binary-expr","locations":[{"start":{"line":32,"column":7},"end":{"line":32,"column":17}},{"start":{"line":33,"column":8},"end":{"line":35,"column":null}}]}},"s":{"0":1,"1":1,"2":1,"3":1,"4":3,"5":2,"6":7,"7":2,"8":1,"9":1,"10":7,"11":1},"f":{"0":3,"1":7,"2":7},"b":{"0":[0,2],"1":[2,2],"2":[1],"3":[0,2],"4":[2,2],"5":[1,1]}}
,"/Users/daeeun/Desktop/Ledger/components/LedgerList/styles.ts": {"path":"/Users/daeeun/Desktop/Ledger/components/LedgerList/styles.ts","statementMap":{"0":{"start":{"line":1,"column":0},"end":{"line":1,"column":37}},"1":{"start":{"line":3,"column":13},"end":{"line":9,"column":2}},"2":{"start":{"line":11,"column":13},"end":{"line":13,"column":2}},"3":{"start":{"line":15,"column":13},"end":{"line":26,"column":2}},"4":{"start":{"line":28,"column":13},"end":{"line":34,"column":2}}},"fnMap":{},"branchMap":{"0":{"loc":{"start":{"line":3,"column":31},"end":{"line":9,"column":2}},"type":"binary-expr","locations":[{"start":{"line":3,"column":31},"end":{"line":3,"column":null}},{"start":{"line":3,"column":31},"end":{"line":9,"column":2}}]},"1":{"loc":{"start":{"line":11,"column":34},"end":{"line":13,"column":2}},"type":"binary-expr","locations":[{"start":{"line":11,"column":34},"end":{"line":11,"column":null}},{"start":{"line":11,"column":34},"end":{"line":13,"column":2}}]},"2":{"loc":{"start":{"line":15,"column":35},"end":{"line":26,"column":2}},"type":"binary-expr","locations":[{"start":{"line":15,"column":35},"end":{"line":15,"column":null}},{"start":{"line":15,"column":35},"end":{"line":26,"column":2}}]},"3":{"loc":{"start":{"line":28,"column":31},"end":{"line":34,"column":2}},"type":"binary-expr","locations":[{"start":{"line":28,"column":31},"end":{"line":28,"column":null}},{"start":{"line":28,"column":31},"end":{"line":34,"column":2}}]}},"s":{"0":2,"1":2,"2":2,"3":2,"4":2},"f":{},"b":{"0":[2,2],"1":[2,2],"2":[2,2],"3":[2,2]}}
,"/Users/daeeun/Desktop/Ledger/components/ScheduleList/ScheduleList.tsx": {"path":"/Users/daeeun/Desktop/Ledger/components/ScheduleList/ScheduleList.tsx","statementMap":{"0":{"start":{"line":1,"column":0},"end":{"line":1,"column":26}},"1":{"start":{"line":3,"column":0},"end":{"line":3,"column":45}},"2":{"start":{"line":4,"column":0},"end":{"line":4,"column":47}},"3":{"start":{"line":10,"column":21},"end":{"line":29,"column":1}},"4":{"start":{"line":10,"column":28},"end":{"line":10,"column":37}},"5":{"start":{"line":11,"column":2},"end":{"line":13,"column":null}},"6":{"start":{"line":12,"column":4},"end":{"line":12,"column":36}},"7":{"start":{"line":15,"column":2},"end":{"line":28,"column":4}},"8":{"start":{"line":21,"column":26},"end":{"line":26,"column":8}},"9":{"start":{"line":31,"column":0},"end":{"line":31,"column":28}}},"fnMap":{"0":{"name":"(anonymous_1)","decl":{"start":{"line":10,"column":21},"end":{"line":10,"column":22}},"loc":{"start":{"line":10,"column":37},"end":{"line":29,"column":1}}},"1":{"name":"(anonymous_2)","decl":{"start":{"line":21,"column":16},"end":{"line":21,"column":17}},"loc":{"start":{"line":21,"column":21},"end":{"line":21,"column":null}}}},"branchMap":{"0":{"loc":{"start":{"line":11,"column":2},"end":{"line":13,"column":null}},"type":"if","locations":[{"start":{"line":11,"column":2},"end":{"line":13,"column":null}}]},"1":{"loc":{"start":{"line":11,"column":7},"end":{"line":11,"column":19}},"type":"cond-expr","locations":[{"start":{"line":11,"column":11},"end":{"line":11,"column":13}},{"start":{"line":11,"column":7},"end":{"line":11,"column":19}}]},"2":{"loc":{"start":{"line":11,"column":7},"end":{"line":11,"column":13}},"type":"binary-expr","locations":[{"start":{"line":11,"column":7},"end":{"line":11,"column":13}},{"start":{"line":11,"column":7},"end":{"line":11,"column":13}}]}},"s":{"0":1,"1":1,"2":1,"3":1,"4":3,"5":2,"6":1,"7":1,"8":8,"9":1},"f":{"0":3,"1":8},"b":{"0":[1],"1":[0,2],"2":[2,2]}}
,"/Users/daeeun/Desktop/Ledger/components/ScheduleList/styles.ts": {"path":"/Users/daeeun/Desktop/Ledger/components/ScheduleList/styles.ts","statementMap":{"0":{"start":{"line":1,"column":0},"end":{"line":1,"column":37}},"1":{"start":{"line":3,"column":13},"end":{"line":5,"column":2}},"2":{"start":{"line":7,"column":13},"end":{"line":17,"column":2}}},"fnMap":{},"branchMap":{"0":{"loc":{"start":{"line":3,"column":34},"end":{"line":5,"column":2}},"type":"binary-expr","locations":[{"start":{"line":3,"column":34},"end":{"line":3,"column":null}},{"start":{"line":3,"column":34},"end":{"line":5,"column":2}}]},"1":{"loc":{"start":{"line":7,"column":35},"end":{"line":17,"column":2}},"type":"binary-expr","locations":[{"start":{"line":7,"column":35},"end":{"line":7,"column":null}},{"start":{"line":7,"column":35},"end":{"line":17,"column":2}}]}},"s":{"0":1,"1":1,"2":1},"f":{},"b":{"0":[1,1],"1":[1,1]}}
,"/Users/daeeun/Desktop/Ledger/mocks/data.ts": {"path":"/Users/daeeun/Desktop/Ledger/mocks/data.ts","statementMap":{"0":{"start":{"line":1,"column":13},"end":{"line":44,"column":2}},"1":{"start":{"line":46,"column":13},"end":{"line":87,"column":2}}},"fnMap":{},"branchMap":{},"s":{"0":3,"1":3},"f":{},"b":{}}
,"/Users/daeeun/Desktop/Ledger/store/useDateStore.ts": {"path":"/Users/daeeun/Desktop/Ledger/store/useDateStore.ts","statementMap":{"0":{"start":{"line":1,"column":0},"end":{"line":1,"column":37}},"1":{"start":{"line":2,"column":0},"end":{"line":2,"column":29}},"2":{"start":{"line":12,"column":21},"end":{"line":29,"column":3}},"3":{"start":{"line":12,"column":55},"end":{"line":29,"column":3}},"4":{"start":{"line":17,"column":4},"end":{"line":19,"column":null}},"5":{"start":{"line":17,"column":19},"end":{"line":19,"column":7}},"6":{"start":{"line":21,"column":4},"end":{"line":23,"column":null}},"7":{"start":{"line":21,"column":19},"end":{"line":23,"column":7}},"8":{"start":{"line":25,"column":4},"end":{"line":28,"column":null}},"9":{"start":{"line":25,"column":19},"end":{"line":28,"column":7}},"10":{"start":{"line":31,"column":0},"end":{"line":31,"column":28}}},"fnMap":{"0":{"name":"(anonymous_3)","decl":{"start":{"line":12,"column":41},"end":{"line":12,"column":42}},"loc":{"start":{"line":12,"column":50},"end":{"line":12,"column":56}}},"1":{"name":"(anonymous_4)","decl":{"start":{"line":16,"column":12},"end":{"line":16,"column":null}},"loc":{"start":{"line":16,"column":12},"end":{"line":17,"column":7}}},"2":{"name":"(anonymous_5)","decl":{"start":{"line":17,"column":8},"end":{"line":17,"column":9}},"loc":{"start":{"line":17,"column":14},"end":{"line":17,"column":20}}},"3":{"name":"(anonymous_6)","decl":{"start":{"line":20,"column":12},"end":{"line":20,"column":null}},"loc":{"start":{"line":20,"column":12},"end":{"line":21,"column":7}}},"4":{"name":"(anonymous_7)","decl":{"start":{"line":21,"column":8},"end":{"line":21,"column":9}},"loc":{"start":{"line":21,"column":14},"end":{"line":21,"column":20}}},"5":{"name":"(anonymous_8)","decl":{"start":{"line":24,"column":14},"end":{"line":24,"column":15}},"loc":{"start":{"line":24,"column":26},"end":{"line":25,"column":7}}},"6":{"name":"(anonymous_9)","decl":{"start":{"line":25,"column":8},"end":{"line":25,"column":9}},"loc":{"start":{"line":25,"column":14},"end":{"line":25,"column":null}}}},"branchMap":{},"s":{"0":2,"1":2,"2":2,"3":2,"4":1,"5":1,"6":1,"7":1,"8":1,"9":1,"10":2},"f":{"0":2,"1":1,"2":1,"3":1,"4":1,"5":1,"6":1},"b":{}}
,"/Users/daeeun/Desktop/Ledger/tests/utils.tsx": {"path":"/Users/daeeun/Desktop/Ledger/tests/utils.tsx","statementMap":{"0":{"start":{"line":1,"column":0},"end":{"line":1,"column":26}},"1":{"start":{"line":2,"column":0},"end":{"line":2,"column":56}},"2":{"start":{"line":4,"column":26},"end":{"line":13,"column":1}},"3":{"start":{"line":6,"column":2},"end":{"line":6,"column":null}},"4":{"start":{"line":8,"column":2},"end":{"line":12,"column":4}},"5":{"start":{"line":4,"column":13},"end":{"line":4,"column":26}}},"fnMap":{"0":{"name":"(anonymous_1)","decl":{"start":{"line":4,"column":26},"end":{"line":4,"column":null}},"loc":{"start":{"line":6,"column":20},"end":{"line":13,"column":1}}}},"branchMap":{"0":{"loc":{"start":{"line":6,"column":2},"end":{"line":6,"column":null}},"type":"if","locations":[{"start":{"line":6,"column":2},"end":{"line":6,"column":null}}]}},"s":{"0":5,"1":5,"2":5,"3":20,"4":10,"5":5},"f":{"0":10},"b":{"0":[10]}}
,"/Users/daeeun/Desktop/Ledger/utils/changeInPrice.ts": {"path":"/Users/daeeun/Desktop/Ledger/utils/changeInPrice.ts","statementMap":{"0":{"start":{"line":1,"column":22},"end":{"line":3,"column":1}},"1":{"start":{"line":2,"column":2},"end":{"line":2,"column":64}},"2":{"start":{"line":5,"column":0},"end":{"line":5,"column":29}}},"fnMap":{"0":{"name":"(anonymous_0)","decl":{"start":{"line":1,"column":22},"end":{"line":1,"column":23}},"loc":{"start":{"line":1,"column":36},"end":{"line":3,"column":1}}}},"branchMap":{},"s":{"0":1,"1":8,"2":1},"f":{"0":8},"b":{}}
}
