{"/Users/daeeun/Desktop/Ledger/components/Header/index.tsx": {"path":"/Users/daeeun/Desktop/Ledger/components/Header/index.tsx","statementMap":{"0":{"start":{"line":1,"column":0},"end":{"line":1,"column":26}},"1":{"start":{"line":2,"column":0},"end":{"line":2,"column":36}},"2":{"start":{"line":3,"column":0},"end":{"line":3,"column":47}},"3":{"start":{"line":4,"column":0},"end":{"line":4,"column":52}},"4":{"start":{"line":5,"column":0},"end":{"line":5,"column":45}},"5":{"start":{"line":7,"column":15},"end":{"line":36,"column":1}},"6":{"start":{"line":8,"column":43},"end":{"line":8,"column":57}},"7":{"start":{"line":8,"column":18},"end":{"line":8,"column":20}},"8":{"start":{"line":8,"column":28},"end":{"line":8,"column":30}},"9":{"start":{"line":8,"column":38},"end":{"line":8,"column":43}},"10":{"start":{"line":9,"column":23},"end":{"line":9,"column":37}},"11":{"start":{"line":11,"column":26},"end":{"line":13,"column":8}},"12":{"start":{"line":12,"column":4},"end":{"line":12,"column":15}},"13":{"start":{"line":15,"column":26},"end":{"line":17,"column":8}},"14":{"start":{"line":16,"column":4},"end":{"line":16,"column":15}},"15":{"start":{"line":19,"column":2},"end":{"line":21,"column":null}},"16":{"start":{"line":20,"column":4},"end":{"line":20,"column":16}},"17":{"start":{"line":23,"column":2},"end":{"line":35,"column":4}},"18":{"start":{"line":38,"column":0},"end":{"line":38,"column":22}}},"fnMap":{"0":{"name":"(anonymous_1)","decl":{"start":{"line":7,"column":15},"end":{"line":7,"column":null}},"loc":{"start":{"line":7,"column":15},"end":{"line":36,"column":1}}},"1":{"name":"(anonymous_2)","decl":{"start":{"line":11,"column":38},"end":{"line":11,"column":null}},"loc":{"start":{"line":11,"column":38},"end":{"line":13,"column":3}}},"2":{"name":"(anonymous_3)","decl":{"start":{"line":15,"column":38},"end":{"line":15,"column":null}},"loc":{"start":{"line":15,"column":38},"end":{"line":17,"column":3}}}},"branchMap":{"0":{"loc":{"start":{"line":19,"column":2},"end":{"line":21,"column":null}},"type":"if","locations":[{"start":{"line":19,"column":2},"end":{"line":21,"column":null}}]}},"s":{"0":1,"1":1,"2":1,"3":1,"4":1,"5":1,"6":5,"7":5,"8":5,"9":5,"10":5,"11":5,"12":1,"13":5,"14":1,"15":5,"16":0,"17":5,"18":1},"f":{"0":5,"1":1,"2":1},"b":{"0":[0]}}
,"/Users/daeeun/Desktop/Ledger/components/Header/styles.tsx": {"path":"/Users/daeeun/Desktop/Ledger/components/Header/styles.tsx","statementMap":{"0":{"start":{"line":1,"column":0},"end":{"line":1,"column":37}},"1":{"start":{"line":3,"column":13},"end":{"line":12,"column":2}},"2":{"start":{"line":14,"column":13},"end":{"line":17,"column":2}}},"fnMap":{},"branchMap":{"0":{"loc":{"start":{"line":3,"column":36},"end":{"line":12,"column":2}},"type":"binary-expr","locations":[{"start":{"line":3,"column":36},"end":{"line":3,"column":null}},{"start":{"line":3,"column":36},"end":{"line":12,"column":2}}]},"1":{"loc":{"start":{"line":14,"column":31},"end":{"line":17,"column":2}},"type":"binary-expr","locations":[{"start":{"line":14,"column":31},"end":{"line":14,"column":null}},{"start":{"line":14,"column":31},"end":{"line":17,"column":2}}]}},"s":{"0":1,"1":1,"2":1},"f":{},"b":{"0":[1,1],"1":[1,1]}}
,"/Users/daeeun/Desktop/Ledger/store/useDateStore.ts": {"path":"/Users/daeeun/Desktop/Ledger/store/useDateStore.ts","statementMap":{"0":{"start":{"line":1,"column":0},"end":{"line":1,"column":37}},"1":{"start":{"line":2,"column":0},"end":{"line":2,"column":29}},"2":{"start":{"line":12,"column":21},"end":{"line":29,"column":3}},"3":{"start":{"line":12,"column":55},"end":{"line":29,"column":3}},"4":{"start":{"line":17,"column":4},"end":{"line":19,"column":null}},"5":{"start":{"line":17,"column":19},"end":{"line":19,"column":7}},"6":{"start":{"line":21,"column":4},"end":{"line":23,"column":null}},"7":{"start":{"line":21,"column":19},"end":{"line":23,"column":7}},"8":{"start":{"line":25,"column":4},"end":{"line":28,"column":null}},"9":{"start":{"line":25,"column":19},"end":{"line":28,"column":7}},"10":{"start":{"line":31,"column":0},"end":{"line":31,"column":28}}},"fnMap":{"0":{"name":"(anonymous_3)","decl":{"start":{"line":12,"column":41},"end":{"line":12,"column":42}},"loc":{"start":{"line":12,"column":50},"end":{"line":12,"column":56}}},"1":{"name":"(anonymous_4)","decl":{"start":{"line":16,"column":12},"end":{"line":16,"column":null}},"loc":{"start":{"line":16,"column":12},"end":{"line":17,"column":7}}},"2":{"name":"(anonymous_5)","decl":{"start":{"line":17,"column":8},"end":{"line":17,"column":9}},"loc":{"start":{"line":17,"column":14},"end":{"line":17,"column":20}}},"3":{"name":"(anonymous_6)","decl":{"start":{"line":20,"column":12},"end":{"line":20,"column":null}},"loc":{"start":{"line":20,"column":12},"end":{"line":21,"column":7}}},"4":{"name":"(anonymous_7)","decl":{"start":{"line":21,"column":8},"end":{"line":21,"column":9}},"loc":{"start":{"line":21,"column":14},"end":{"line":21,"column":20}}},"5":{"name":"(anonymous_8)","decl":{"start":{"line":24,"column":14},"end":{"line":24,"column":15}},"loc":{"start":{"line":24,"column":26},"end":{"line":25,"column":7}}},"6":{"name":"(anonymous_9)","decl":{"start":{"line":25,"column":8},"end":{"line":25,"column":9}},"loc":{"start":{"line":25,"column":14},"end":{"line":25,"column":null}}}},"branchMap":{},"s":{"0":1,"1":1,"2":1,"3":1,"4":1,"5":1,"6":1,"7":1,"8":0,"9":0,"10":1},"f":{"0":1,"1":1,"2":1,"3":1,"4":1,"5":0,"6":0},"b":{}}
,"/Users/daeeun/Desktop/Ledger/tests/utils.tsx": {"path":"/Users/daeeun/Desktop/Ledger/tests/utils.tsx","statementMap":{"0":{"start":{"line":1,"column":0},"end":{"line":1,"column":26}},"1":{"start":{"line":2,"column":0},"end":{"line":2,"column":56}},"2":{"start":{"line":4,"column":26},"end":{"line":13,"column":1}},"3":{"start":{"line":6,"column":2},"end":{"line":6,"column":null}},"4":{"start":{"line":8,"column":2},"end":{"line":12,"column":4}},"5":{"start":{"line":4,"column":13},"end":{"line":4,"column":26}}},"fnMap":{"0":{"name":"(anonymous_1)","decl":{"start":{"line":4,"column":26},"end":{"line":4,"column":null}},"loc":{"start":{"line":6,"column":20},"end":{"line":13,"column":1}}}},"branchMap":{"0":{"loc":{"start":{"line":6,"column":2},"end":{"line":6,"column":null}},"type":"if","locations":[{"start":{"line":6,"column":2},"end":{"line":6,"column":null}}]}},"s":{"0":1,"1":1,"2":1,"3":8,"4":4,"5":1},"f":{"0":4},"b":{"0":[4]}}
}
