TN:
SF:components/BottomTaps/BottomTaps.tsx
FN:25,(anonymous_1)
FN:29,(anonymous_2)
FNF:2
FNH:2
FNDA:1,(anonymous_1)
FNDA:3,(anonymous_2)
DA:1,1
DA:2,1
DA:3,1
DA:4,1
DA:5,1
DA:7,1
DA:25,1
DA:26,1
DA:29,3
DA:39,1
LF:10
LH:10
BRF:0
BRH:0
end_of_record
TN:
SF:components/BottomTaps/styles.tsx
FNF:0
FNH:0
DA:1,1
DA:2,1
DA:4,1
DA:15,1
DA:20,1
LF:5
LH:5
BRDA:4,0,0,1
BRDA:4,0,1,1
BRDA:15,1,0,1
BRDA:15,1,1,1
BRDA:20,2,0,1
BRDA:20,2,1,1
BRF:6
BRH:6
end_of_record
TN:
SF:components/DateCell/DateCell.tsx
FN:14,(anonymous_7)
FN:21,(anonymous_8)
FN:25,(anonymous_9)
FN:26,(anonymous_10)
FN:36,(anonymous_11)
FN:45,(anonymous_12)
FNF:6
FNH:4
FNDA:2,(anonymous_7)
FNDA:0,(anonymous_8)
FNDA:2,(anonymous_9)
FNDA:14,(anonymous_10)
FNDA:1,(anonymous_11)
FNDA:0,(anonymous_12)
DA:1,1
DA:2,1
DA:3,1
DA:5,1
DA:14,2
DA:15,2
DA:16,2
DA:17,2
DA:18,2
DA:19,2
DA:21,2
DA:22,0
DA:25,2
DA:26,14
DA:29,2
DA:31,2
DA:36,1
DA:45,0
DA:56,1
LF:19
LH:17
BRDA:26,0,0,0
BRDA:26,0,1,2
BRDA:26,1,0,2
BRDA:26,1,1,2
BRDA:36,2,0,0
BRDA:36,2,1,1
BRDA:36,3,0,1
BRDA:36,3,1,1
BRDA:39,4,0,2
BRDA:39,4,1,0
BRDA:40,5,0,2
BRDA:40,5,1,0
BRDA:43,6,0,2
BRDA:43,6,1,2
BRF:14
BRH:10
end_of_record
TN:
SF:components/DateCell/styles.ts
FN:14,(anonymous_2)
FN:15,(anonymous_3)
FN:54,(anonymous_4)
FNF:3
FNH:2
FNDA:2,(anonymous_2)
FNDA:2,(anonymous_3)
FNDA:0,(anonymous_4)
DA:1,1
DA:8,1
DA:14,2
DA:15,2
DA:19,1
DA:30,1
DA:41,1
DA:49,1
DA:54,0
LF:9
LH:8
BRDA:8,0,0,1
BRDA:8,0,1,1
BRDA:14,1,0,2
BRDA:14,1,1,0
BRDA:15,2,0,2
BRDA:15,2,1,0
BRDA:19,3,0,1
BRDA:19,3,1,1
BRDA:30,4,0,1
BRDA:30,4,1,1
BRDA:41,5,0,1
BRDA:41,5,1,1
BRDA:49,6,0,1
BRDA:49,6,1,1
BRDA:54,7,0,0
BRDA:54,7,1,0
BRF:16
BRH:12
end_of_record
TN:
SF:components/Header/Header.tsx
FN:7,(anonymous_1)
FN:11,(anonymous_2)
FN:15,(anonymous_3)
FNF:3
FNH:3
FNDA:5,(anonymous_1)
FNDA:1,(anonymous_2)
FNDA:1,(anonymous_3)
DA:1,1
DA:2,1
DA:3,1
DA:4,1
DA:5,1
DA:7,1
DA:8,5
DA:9,5
DA:11,5
DA:12,1
DA:15,5
DA:16,1
DA:19,5
DA:20,0
DA:23,5
DA:38,1
LF:16
LH:15
BRDA:19,0,0,0
BRF:1
BRH:0
end_of_record
TN:
SF:components/Header/styles.tsx
FNF:0
FNH:0
DA:1,1
DA:3,1
DA:14,1
LF:3
LH:3
BRDA:3,0,0,1
BRDA:3,0,1,1
BRDA:14,1,0,1
BRDA:14,1,1,1
BRF:4
BRH:4
end_of_record
TN:
SF:components/LedgerList/LedgerList.tsx
FN:10,(anonymous_1)
FN:11,(anonymous_2)
FN:25,(anonymous_3)
FNF:3
FNH:3
FNDA:3,(anonymous_1)
FNDA:7,(anonymous_2)
FNDA:7,(anonymous_3)
DA:1,1
DA:3,1
DA:4,1
DA:10,3
DA:11,2
DA:12,7
DA:15,2
DA:16,1
DA:18,1
DA:25,7
DA:42,1
LF:11
LH:11
BRDA:11,0,0,0
BRDA:11,0,1,2
BRDA:11,1,0,2
BRDA:11,1,1,2
BRDA:15,2,0,1
BRDA:15,3,0,0
BRDA:15,3,1,2
BRDA:15,4,0,2
BRDA:15,4,1,2
BRDA:32,5,0,1
BRDA:32,5,1,1
BRF:11
BRH:9
end_of_record
TN:
SF:components/LedgerList/styles.ts
FNF:0
FNH:0
DA:1,1
DA:3,1
DA:11,1
DA:15,1
DA:28,1
LF:5
LH:5
BRDA:3,0,0,1
BRDA:3,0,1,1
BRDA:11,1,0,1
BRDA:11,1,1,1
BRDA:15,2,0,1
BRDA:15,2,1,1
BRDA:28,3,0,1
BRDA:28,3,1,1
BRF:8
BRH:8
end_of_record
TN:
SF:mocks/data.ts
FNF:0
FNH:0
DA:1,2
DA:46,2
LF:2
LH:2
BRF:0
BRH:0
end_of_record
TN:
SF:store/useDateStore.ts
FN:12,(anonymous_3)
FN:16,(anonymous_4)
FN:17,(anonymous_5)
FN:20,(anonymous_6)
FN:21,(anonymous_7)
FN:24,(anonymous_8)
FN:25,(anonymous_9)
FNF:7
FNH:7
FNDA:2,(anonymous_3)
FNDA:1,(anonymous_4)
FNDA:1,(anonymous_5)
FNDA:1,(anonymous_6)
FNDA:1,(anonymous_7)
FNDA:1,(anonymous_8)
FNDA:1,(anonymous_9)
DA:1,2
DA:2,2
DA:12,2
DA:17,1
DA:21,1
DA:25,1
DA:31,2
LF:7
LH:7
BRF:0
BRH:0
end_of_record
TN:
SF:tests/utils.tsx
FN:4,(anonymous_1)
FNF:1
FNH:1
FNDA:8,(anonymous_1)
DA:1,4
DA:2,4
DA:4,4
DA:6,16
DA:8,8
LF:5
LH:5
BRDA:6,0,0,8
BRF:1
BRH:1
end_of_record
TN:
SF:utils/changeInPrice.ts
FN:1,(anonymous_0)
FNF:1
FNH:1
FNDA:8,(anonymous_0)
DA:1,1
DA:2,8
DA:5,1
LF:3
LH:3
BRF:0
BRH:0
end_of_record
